[debug] [2021-04-16T15:30:43.209Z] ----------------------------------------------------------------------
[debug] [2021-04-16T15:30:43.211Z] Command:       C:\Program Files\nodejs\node.exe C:\Users\Man\AppData\Roaming\npm\node_modules\firebase-tools\lib\bin\firebase.js init
[debug] [2021-04-16T15:30:43.211Z] CLI Version:   9.9.0
[debug] [2021-04-16T15:30:43.211Z] Platform:      win32
[debug] [2021-04-16T15:30:43.212Z] Node Version:  v14.16.0
[debug] [2021-04-16T15:30:43.212Z] Time:          Fri Apr 16 2021 08:30:43 GMT-0700 (Pacific Daylight Time)
[debug] [2021-04-16T15:30:43.213Z] ----------------------------------------------------------------------
[debug] 
[debug] [2021-04-16T15:30:43.218Z] > command requires scopes: ["email","openid","https://www.googleapis.com/auth/cloudplatformprojects.readonly","https://www.googleapis.com/auth/firebase","https://www.googleapis.com/auth/cloud-platform"]
[debug] [2021-04-16T15:30:43.218Z] > authorizing via signed-in user (kk513596537@gmail.com)
[info] 
     ######## #### ########  ######## ########     ###     ######  ########
     ##        ##  ##     ## ##       ##     ##  ##   ##  ##       ##
     ######    ##  ########  ######   ########  #########  ######  ######
     ##        ##  ##    ##  ##       ##     ## ##     ##       ## ##
     ##       #### ##     ## ######## ########  ##     ##  ######  ########

You're about to initialize a Firebase project in this directory:

  E:\BCIT\COMP1800\Team15_EatMan\Team15_EatMan

Before we get started, keep in mind:

  * You are initializing in an existing Firebase project directory

